e:\workspace\ins\ins\debug\vc120.pdb
e:\workspace\ins\ins\debug\vc120.idb
e:\workspace\ins\ins\debug\main.obj
e:\workspace\ins\ins\debug\ins.obj
e:\workspace\ins\debug\ins.ilk
e:\workspace\ins\debug\ins.exe
e:\workspace\ins\debug\ins.pdb
e:\workspace\ins _v2\ins\debug\ins.obj
e:\workspace\ins _v2\ins\debug\main.obj
e:\workspace\ins _v2\ins\debug\serialport.obj
e:\workspace\ins _v2\ins\debug\vc120.idb
e:\workspace\ins _v2\ins\debug\vc120.pdb
e:\workspace\ins _v2\debug\ins.pdb
e:\workspace\ins _v2\debug\ins.exe
e:\workspace\ins _v2\debug\ins.ilk
e:\workspace\ins _v2\ins\debug\ins.tlog\cl.command.1.tlog
e:\workspace\ins _v2\ins\debug\ins.tlog\cl.read.1.tlog
e:\workspace\ins _v2\ins\debug\ins.tlog\cl.write.1.tlog
e:\workspace\ins _v2\ins\debug\ins.tlog\link.command.1.tlog
e:\workspace\ins _v2\ins\debug\ins.tlog\link.read.1.tlog
e:\workspace\ins _v2\ins\debug\ins.tlog\link.write.1.tlog
